<?xml version="1.0" encoding="UTF-8"?>
<testsuite name="org.example.SILab2Test" tests="2" skipped="0" failures="0" errors="0" timestamp="2023-05-28T17:12:31" hostname="LAPTOP-F8U71U4K" time="0.027">
  <properties/>
  <testcase name="function2()" classname="org.example.SILab2Test" time="0.024"/>
  <testcase name="function()" classname="org.example.SILab2Test" time="0.002"/>
  <system-out><![CDATA[]]></system-out>
  <system-err><![CDATA[]]></system-err>
</testsuite>
